<?xml version="1.0" encoding="UTF-8"?>
<!-- Generated by org.testng.reporters.JUnitReportReporter -->
<testsuite hostname="DESKTOP-JP71GCP" failures="0" tests="1" name="testRunner.SlideTeam_Login_TC_1" time="5.728" errors="0" timestamp="2024-06-08T16:26:50 IST" skipped="0">
  <testcase classname="testRunner.SlideTeam_Login_TC_1" name="ST_TC_1" time="5.728"/>
</testsuite> <!-- testRunner.SlideTeam_Login_TC_1 -->
