<?xml version="1.0" encoding="UTF-8"?>
<!-- Generated by org.testng.reporters.JUnitReportReporter -->
<testsuite hostname="DESKTOP-JP71GCP" failures="0" tests="1" name="cucumber.TestNGTestRunner" time="13.700" errors="0" timestamp="2024-06-19T09:29:56 IST" skipped="0">
  <testcase classname="cucumber.TestNGTestRunner" name="runScenario" time="13.700"/>
</testsuite> <!-- cucumber.TestNGTestRunner -->
